This is pdfTeX, Version 3.141592653-2.6-1.40.23 (TeX Live 2022/dev) (preloaded format=pdflatex 2021.10.10)  10 OCT 2021 14:26
entering extended mode
 restricted \write18 enabled.
 %&-line parsing enabled.
**HW2Q4.tex
(./HW2Q4.tex
LaTeX2e <2021-06-01> patch level 1
L3 programming layer <2021-08-27>
(/Users/fairuzishraque/Library/TinyTeX/texmf-dist/tex/latex/base/article.cls
Document Class: article 2021/02/12 v1.4n Standard LaTeX document class
(/Users/fairuzishraque/Library/TinyTeX/texmf-dist/tex/latex/base/size10.clo
File: size10.clo 2021/02/12 v1.4n Standard LaTeX file (size option)
)
\c@part=\count182
\c@section=\count183
\c@subsection=\count184
\c@subsubsection=\count185
\c@paragraph=\count186
\c@subparagraph=\count187
\c@figure=\count188
\c@table=\count189
\abovecaptionskip=\skip47
\belowcaptionskip=\skip48
\bibindent=\dimen138
)
(/Users/fairuzishraque/Library/TinyTeX/texmf-dist/tex/latex/graphics/graphicx.s
ty
Package: graphicx 2020/12/05 v1.2c Enhanced LaTeX Graphics (DPC,SPQR)

(/Users/fairuzishraque/Library/TinyTeX/texmf-dist/tex/latex/graphics/keyval.sty
Package: keyval 2014/10/28 v1.15 key=value parser (DPC)
\KV@toks@=\toks16
)
(/Users/fairuzishraque/Library/TinyTeX/texmf-dist/tex/latex/graphics/graphics.s
ty
Package: graphics 2021/03/04 v1.4d Standard LaTeX Graphics (DPC,SPQR)

(/Users/fairuzishraque/Library/TinyTeX/texmf-dist/tex/latex/graphics/trig.sty
Package: trig 2016/01/03 v1.10 sin cos tan (DPC)
)
(/Users/fairuzishraque/Library/TinyTeX/texmf-dist/tex/latex/graphics-cfg/graphi
cs.cfg
File: graphics.cfg 2016/06/04 v1.11 sample graphics configuration
)
Package graphics Info: Driver file: pdftex.def on input line 107.

(/Users/fairuzishraque/Library/TinyTeX/texmf-dist/tex/latex/graphics-def/pdftex
.def
File: pdftex.def 2020/10/05 v1.2a Graphics/color driver for pdftex
))
\Gin@req@height=\dimen139
\Gin@req@width=\dimen140
)
(/Users/fairuzishraque/Library/TinyTeX/texmf-dist/tex/latex/graphics/color.sty
Package: color 2020/02/24 v1.2b Standard LaTeX Color (DPC)

(/Users/fairuzishraque/Library/TinyTeX/texmf-dist/tex/latex/graphics-cfg/color.
cfg
File: color.cfg 2016/01/02 v1.6 sample color configuration
)
Package color Info: Driver file: pdftex.def on input line 149.
)
(/Users/fairuzishraque/Library/TinyTeX/texmf-dist/tex/latex/framed/framed.sty
Package: framed 2011/10/22 v 0.96: framed or shaded text with page breaks
\OuterFrameSep=\skip49
\fb@frw=\dimen141
\fb@frh=\dimen142
\FrameRule=\dimen143
\FrameSep=\dimen144
)
(/Users/fairuzishraque/Library/TinyTeX/texmf-dist/tex/latex/base/alltt.sty
Package: alltt 2021/01/29 v2.0g defines alltt environment
)
(/Users/fairuzishraque/Library/TinyTeX/texmf-dist/tex/latex/amsmath/amsmath.sty
Package: amsmath 2021/04/20 v2.17j AMS math features
\@mathmargin=\skip50
For additional information on amsmath, use the `?' option.

(/Users/fairuzishraque/Library/TinyTeX/texmf-dist/tex/latex/amsmath/amstext.sty
Package: amstext 2000/06/29 v2.01 AMS text
(/Users/fairuzishraque/Library/TinyTeX/texmf-dist/tex/latex/amsmath/amsgen.sty
File: amsgen.sty 1999/11/30 v2.0 generic functions
\@emptytoks=\toks17
\ex@=\dimen145
))
(/Users/fairuzishraque/Library/TinyTeX/texmf-dist/tex/latex/amsmath/amsbsy.sty
Package: amsbsy 1999/11/29 v1.2d Bold Symbols
\pmbraise@=\dimen146
) (/Users/fairuzishraque/Library/TinyTeX/texmf-dist/tex/latex/amsmath/amsopn.st
y
Package: amsopn 2016/03/08 v2.02 operator names
)
\inf@bad=\count190
LaTeX Info: Redefining \frac on input line 234.
\uproot@=\count191
\leftroot@=\count192
LaTeX Info: Redefining \overline on input line 399.
\classnum@=\count193
\DOTSCASE@=\count194
LaTeX Info: Redefining \ldots on input line 496.
LaTeX Info: Redefining \dots on input line 499.
LaTeX Info: Redefining \cdots on input line 620.
\Mathstrutbox@=\box50
\strutbox@=\box51
\big@size=\dimen147
LaTeX Font Info:    Redeclaring font encoding OML on input line 743.
LaTeX Font Info:    Redeclaring font encoding OMS on input line 744.
\macc@depth=\count195
\c@MaxMatrixCols=\count196
\dotsspace@=\muskip16
\c@parentequation=\count197
\dspbrk@lvl=\count198
\tag@help=\toks18
\row@=\count199
\column@=\count266
\maxfields@=\count267
\andhelp@=\toks19
\eqnshift@=\dimen148
\alignsep@=\dimen149
\tagshift@=\dimen150
\tagwidth@=\dimen151
\totwidth@=\dimen152
\lineht@=\dimen153
\@envbody=\toks20
\multlinegap=\skip51
\multlinetaggap=\skip52
\mathdisplay@stack=\toks21
LaTeX Info: Redefining \[ on input line 2923.
LaTeX Info: Redefining \] on input line 2924.
)
(/Users/fairuzishraque/Library/TinyTeX/texmf-dist/tex/latex/amsfonts/amsfonts.s
ty
Package: amsfonts 2013/01/14 v3.01 Basic AMSFonts support
\symAMSa=\mathgroup4
\symAMSb=\mathgroup5
LaTeX Font Info:    Redeclaring math symbol \hbar on input line 98.
LaTeX Font Info:    Overwriting math alphabet `\mathfrak' in version `bold'
(Font)                  U/euf/m/n --> U/euf/b/n on input line 106.
)
(/Users/fairuzishraque/Library/TinyTeX/texmf-dist/tex/latex/hyperref/hyperref.s
ty
Package: hyperref 2021-06-07 v7.00m Hypertext links for LaTeX

(/Users/fairuzishraque/Library/TinyTeX/texmf-dist/tex/generic/ltxcmds/ltxcmds.s
ty
Package: ltxcmds 2020-05-10 v1.25 LaTeX kernel commands for general use (HO)
)
(/Users/fairuzishraque/Library/TinyTeX/texmf-dist/tex/generic/iftex/iftex.sty
Package: iftex 2020/03/06 v1.0d TeX engine tests
)
(/Users/fairuzishraque/Library/TinyTeX/texmf-dist/tex/generic/pdftexcmds/pdftex
cmds.sty
Package: pdftexcmds 2020-06-27 v0.33 Utility functions of pdfTeX for LuaTeX (HO
)

(/Users/fairuzishraque/Library/TinyTeX/texmf-dist/tex/generic/infwarerr/infware
rr.sty
Package: infwarerr 2019/12/03 v1.5 Providing info/warning/error messages (HO)
)
Package pdftexcmds Info: \pdf@primitive is available.
Package pdftexcmds Info: \pdf@ifprimitive is available.
Package pdftexcmds Info: \pdfdraftmode found.
)
(/Users/fairuzishraque/Library/TinyTeX/texmf-dist/tex/generic/kvsetkeys/kvsetke
ys.sty
Package: kvsetkeys 2019/12/15 v1.18 Key value parser (HO)
)
(/Users/fairuzishraque/Library/TinyTeX/texmf-dist/tex/generic/kvdefinekeys/kvde
finekeys.sty
Package: kvdefinekeys 2019-12-19 v1.6 Define keys (HO)
)
(/Users/fairuzishraque/Library/TinyTeX/texmf-dist/tex/generic/pdfescape/pdfesca
pe.sty
Package: pdfescape 2019/12/09 v1.15 Implements pdfTeX's escape features (HO)
)
(/Users/fairuzishraque/Library/TinyTeX/texmf-dist/tex/latex/hycolor/hycolor.sty
Package: hycolor 2020-01-27 v1.10 Color options for hyperref/bookmark (HO)
)
(/Users/fairuzishraque/Library/TinyTeX/texmf-dist/tex/latex/letltxmacro/letltxm
acro.sty
Package: letltxmacro 2019/12/03 v1.6 Let assignment for LaTeX macros (HO)
)
(/Users/fairuzishraque/Library/TinyTeX/texmf-dist/tex/latex/auxhook/auxhook.sty
Package: auxhook 2019-12-17 v1.6 Hooks for auxiliary files (HO)
)
(/Users/fairuzishraque/Library/TinyTeX/texmf-dist/tex/latex/kvoptions/kvoptions
.sty
Package: kvoptions 2020-10-07 v3.14 Key value format for package options (HO)
)
\@linkdim=\dimen154
\Hy@linkcounter=\count268
\Hy@pagecounter=\count269

(/Users/fairuzishraque/Library/TinyTeX/texmf-dist/tex/latex/hyperref/pd1enc.def
File: pd1enc.def 2021-06-07 v7.00m Hyperref: PDFDocEncoding definition (HO)
Now handling font encoding PD1 ...
... no UTF-8 mapping file for font encoding PD1
)
(/Users/fairuzishraque/Library/TinyTeX/texmf-dist/tex/latex/hyperref/hyperref-l
angpatches.def
File: hyperref-langpatches.def 2021-06-07 v7.00m Hyperref: patches for babel la
nguages
)
(/Users/fairuzishraque/Library/TinyTeX/texmf-dist/tex/generic/intcalc/intcalc.s
ty
Package: intcalc 2019/12/15 v1.3 Expandable calculations with integers (HO)
)
(/Users/fairuzishraque/Library/TinyTeX/texmf-dist/tex/generic/etexcmds/etexcmds
.sty
Package: etexcmds 2019/12/15 v1.7 Avoid name clashes with e-TeX commands (HO)
)
\Hy@SavedSpaceFactor=\count270

(/Users/fairuzishraque/Library/TinyTeX/texmf-dist/tex/latex/hyperref/puenc.def
File: puenc.def 2021-06-07 v7.00m Hyperref: PDF Unicode definition (HO)
Now handling font encoding PU ...
... no UTF-8 mapping file for font encoding PU
)
Package hyperref Info: Hyper figures OFF on input line 4192.
Package hyperref Info: Link nesting OFF on input line 4197.
Package hyperref Info: Hyper index ON on input line 4200.
Package hyperref Info: Plain pages OFF on input line 4207.
Package hyperref Info: Backreferencing OFF on input line 4212.
Package hyperref Info: Implicit mode ON; LaTeX internals redefined.
Package hyperref Info: Bookmarks ON on input line 4445.
\c@Hy@tempcnt=\count271
(/Users/fairuzishraque/Library/TinyTeX/texmf-dist/tex/latex/url/url.sty
\Urlmuskip=\muskip17
Package: url 2013/09/16  ver 3.4  Verb mode for urls, etc.
)
LaTeX Info: Redefining \url on input line 4804.
\XeTeXLinkMargin=\dimen155

(/Users/fairuzishraque/Library/TinyTeX/texmf-dist/tex/generic/bitset/bitset.sty
Package: bitset 2019/12/09 v1.3 Handle bit-vector datatype (HO)

(/Users/fairuzishraque/Library/TinyTeX/texmf-dist/tex/generic/bigintcalc/bigint
calc.sty
Package: bigintcalc 2019/12/15 v1.5 Expandable calculations on big integers (HO
)
))
\Fld@menulength=\count272
\Field@Width=\dimen156
\Fld@charsize=\dimen157
Package hyperref Info: Hyper figures OFF on input line 6076.
Package hyperref Info: Link nesting OFF on input line 6081.
Package hyperref Info: Hyper index ON on input line 6084.
Package hyperref Info: backreferencing OFF on input line 6091.
Package hyperref Info: Link coloring OFF on input line 6096.
Package hyperref Info: Link coloring with OCG OFF on input line 6101.
Package hyperref Info: PDF/A mode OFF on input line 6106.
LaTeX Info: Redefining \ref on input line 6146.
LaTeX Info: Redefining \pageref on input line 6150.

(/Users/fairuzishraque/Library/TinyTeX/texmf-dist/tex/latex/base/atbegshi-ltx.s
ty
Package: atbegshi-ltx 2021/01/10 v1.0c Emulation of the original atbegshi
package with kernel methods
)
\Hy@abspage=\count273
\c@Item=\count274
\c@Hfootnote=\count275
)
Package hyperref Info: Driver (autodetected): hpdftex.

(/Users/fairuzishraque/Library/TinyTeX/texmf-dist/tex/latex/hyperref/hpdftex.de
f
File: hpdftex.def 2021-06-07 v7.00m Hyperref driver for pdfTeX

(/Users/fairuzishraque/Library/TinyTeX/texmf-dist/tex/latex/base/atveryend-ltx.
sty
Package: atveryend-ltx 2020/08/19 v1.0a Emulation of the original atvery packag
e
with kernel methods
)
\Fld@listcount=\count276
\c@bookmark@seq@number=\count277

(/Users/fairuzishraque/Library/TinyTeX/texmf-dist/tex/latex/rerunfilecheck/reru
nfilecheck.sty
Package: rerunfilecheck 2019/12/05 v1.9 Rerun checks for auxiliary files (HO)

(/Users/fairuzishraque/Library/TinyTeX/texmf-dist/tex/generic/uniquecounter/uni
quecounter.sty
Package: uniquecounter 2019/12/15 v1.4 Provide unlimited unique counter (HO)
)
Package uniquecounter Info: New unique counter `rerunfilecheck' on input line 2
86.
)
\Hy@SectionHShift=\skip53
)
Package hyperref Info: Option `colorlinks' set `true' on input line 59.

(/Users/fairuzishraque/Library/TinyTeX/texmf-dist/tex/latex/natbib/natbib.sty
Package: natbib 2010/09/13 8.31b (PWD, AO)
\bibhang=\skip54
\bibsep=\skip55
LaTeX Info: Redefining \cite on input line 694.
\c@NAT@ctr=\count278
)
(/Users/fairuzishraque/Library/TinyTeX/texmf-dist/tex/latex/geometry/geometry.s
ty
Package: geometry 2020/01/02 v5.9 Page Geometry

(/Users/fairuzishraque/Library/TinyTeX/texmf-dist/tex/generic/iftex/ifvtex.sty
Package: ifvtex 2019/10/25 v1.7 ifvtex legacy package. Use iftex instead.
)
\Gm@cnth=\count279
\Gm@cntv=\count280
\c@Gm@tempcnt=\count281
\Gm@bindingoffset=\dimen158
\Gm@wd@mp=\dimen159
\Gm@odd@mp=\dimen160
\Gm@even@mp=\dimen161
\Gm@layoutwidth=\dimen162
\Gm@layoutheight=\dimen163
\Gm@layouthoffset=\dimen164
\Gm@layoutvoffset=\dimen165
\Gm@dimlist=\toks22
) (/Users/fairuzishraque/Library/TinyTeX/texmf-dist/tex/latex/float/float.sty
Package: float 2001/11/08 v1.3d Float enhancements (AL)
\c@float@type=\count282
\float@exts=\toks23
\float@box=\box52
\@float@everytoks=\toks24
\@floatcapt=\box53
)
(/Users/fairuzishraque/Library/TinyTeX/texmf-dist/tex/latex/l3backend/l3backend
-pdftex.def
File: l3backend-pdftex.def 2021-08-04 L3 backend support: PDF output (pdfTeX)
\l__color_backend_stack_int=\count283
\l__pdf_internal_box=\box54
) (./HW2Q4.aux)
\openout1 = `HW2Q4.aux'.

LaTeX Font Info:    Checking defaults for OML/cmm/m/it on input line 65.
LaTeX Font Info:    ... okay on input line 65.
LaTeX Font Info:    Checking defaults for OMS/cmsy/m/n on input line 65.
LaTeX Font Info:    ... okay on input line 65.
LaTeX Font Info:    Checking defaults for OT1/cmr/m/n on input line 65.
LaTeX Font Info:    ... okay on input line 65.
LaTeX Font Info:    Checking defaults for T1/cmr/m/n on input line 65.
LaTeX Font Info:    ... okay on input line 65.
LaTeX Font Info:    Checking defaults for TS1/cmr/m/n on input line 65.
LaTeX Font Info:    ... okay on input line 65.
LaTeX Font Info:    Checking defaults for OMX/cmex/m/n on input line 65.
LaTeX Font Info:    ... okay on input line 65.
LaTeX Font Info:    Checking defaults for U/cmr/m/n on input line 65.
LaTeX Font Info:    ... okay on input line 65.
LaTeX Font Info:    Checking defaults for PD1/pdf/m/n on input line 65.
LaTeX Font Info:    ... okay on input line 65.
LaTeX Font Info:    Checking defaults for PU/pdf/m/n on input line 65.
LaTeX Font Info:    ... okay on input line 65.

(/Users/fairuzishraque/Library/TinyTeX/texmf-dist/tex/latex/epstopdf-pkg/epstop
df-base.sty
Package: epstopdf-base 2020-01-24 v2.11 Base part for package epstopdf
Package epstopdf-base Info: Redefining graphics rule for `.eps' on input line 4
85.

(/Users/fairuzishraque/Library/TinyTeX/texmf-dist/tex/latex/latexconfig/epstopd
f-sys.cfg
File: epstopdf-sys.cfg 2010/07/13 v1.3 Configuration of (r)epstopdf for TeX Liv
e
))
Package hyperref Info: Link coloring ON on input line 65.

(/Users/fairuzishraque/Library/TinyTeX/texmf-dist/tex/latex/hyperref/nameref.st
y
Package: nameref 2021-04-02 v2.47 Cross-referencing by name of section

(/Users/fairuzishraque/Library/TinyTeX/texmf-dist/tex/latex/refcount/refcount.s
ty
Package: refcount 2019/12/15 v3.6 Data extraction from label references (HO)
)
(/Users/fairuzishraque/Library/TinyTeX/texmf-dist/tex/generic/gettitlestring/ge
ttitlestring.sty
Package: gettitlestring 2019/12/15 v1.6 Cleanup title references (HO)
)
\c@section@level=\count284
)
LaTeX Info: Redefining \ref on input line 65.
LaTeX Info: Redefining \pageref on input line 65.
LaTeX Info: Redefining \nameref on input line 65.
 (./HW2Q4.out) (./HW2Q4.out)
\@outlinefile=\write3
\openout3 = `HW2Q4.out'.


*geometry* driver: auto-detecting
*geometry* detected driver: pdftex
*geometry* verbose mode - [ preamble ] result:
* driver: pdftex
* paper: <default>
* layout: <same size as paper>
* layoutoffset:(h,v)=(0.0pt,0.0pt)
* modes: 
* h-part:(L,W,R)=(72.26999pt, 469.75502pt, 72.26999pt)
* v-part:(T,H,B)=(72.26999pt, 650.43001pt, 72.26999pt)
* \paperwidth=614.295pt
* \paperheight=794.96999pt
* \textwidth=469.75502pt
* \textheight=650.43001pt
* \oddsidemargin=0.0pt
* \evensidemargin=0.0pt
* \topmargin=-37.0pt
* \headheight=12.0pt
* \headsep=25.0pt
* \topskip=10.0pt
* \footskip=30.0pt
* \marginparwidth=65.0pt
* \marginparsep=11.0pt
* \columnsep=10.0pt
* \skip\footins=9.0pt plus 4.0pt minus 2.0pt
* \hoffset=0.0pt
* \voffset=0.0pt
* \mag=1000
* \@twocolumnfalse
* \@twosidefalse
* \@mparswitchfalse
* \@reversemarginfalse
* (1in=72.27pt=25.4mm, 1cm=28.453pt)

LaTeX Font Info:    Trying to load font information for U+msa on input line 81.

(/Users/fairuzishraque/Library/TinyTeX/texmf-dist/tex/latex/amsfonts/umsa.fd
File: umsa.fd 2013/01/14 v3.01 AMS symbols A
)
LaTeX Font Info:    Trying to load font information for U+msb on input line 81.


(/Users/fairuzishraque/Library/TinyTeX/texmf-dist/tex/latex/amsfonts/umsb.fd
File: umsb.fd 2013/01/14 v3.01 AMS symbols B
)
[1

{/Users/fairuzishraque/Library/TinyTeX/texmf-var/fonts/map/pdftex/updmap/pdftex
.map}]
Underfull \hbox (badness 10000) in paragraph at lines 100--106

 []


Underfull \hbox (badness 10000) in paragraph at lines 100--106

 []


Underfull \hbox (badness 10000) in paragraph at lines 118--123

 []


Underfull \hbox (badness 10000) in paragraph at lines 126--131

 []


Underfull \hbox (badness 10000) in paragraph at lines 134--139

 []


Underfull \hbox (badness 10000) in paragraph at lines 142--151

 []


Underfull \hbox (badness 10000) in paragraph at lines 142--151

 []


Underfull \hbox (badness 10000) in paragraph at lines 142--151

 []


Underfull \hbox (badness 10000) in paragraph at lines 142--151

 []

Package color Info: Redefining color shadecolor on input line 155.
LaTeX Font Info:    Font shape `OT1/cmtt/bx/n' in size <10> not available
(Font)              Font shape `OT1/cmtt/m/n' tried instead on input line 157.

Overfull \hbox (40.9771pt too wide) in paragraph at lines 160--160
[]              []\OT1/cmtt/m/n/10 size[][]=[][]1[][],[]            []\OT1/cmtt
/m/it/10 #number of trials (size=1 for a Bernoulli distribution)[][] 
 []


Overfull \hbox (40.9771pt too wide) in paragraph at lines 188--188
[]              []\OT1/cmtt/m/n/10 size[][]=[][]1[][],[]            []\OT1/cmtt
/m/it/10 #number of trials (size=1 for a Bernoulli distribution)[][] 
 []


Overfull \hbox (40.9771pt too wide) in paragraph at lines 216--216
[]              []\OT1/cmtt/m/n/10 size[][]=[][]1[][],[]            []\OT1/cmtt
/m/it/10 #number of trials (size=1 for a Bernoulli distribution)[][] 
 []


Overfull \hbox (40.9771pt too wide) in paragraph at lines 244--244
[]              []\OT1/cmtt/m/n/10 size[][]=[][]1[][],[]            []\OT1/cmtt
/m/it/10 #number of trials (size=1 for a Bernoulli distribution)[][] 
 []


Overfull \hbox (40.9771pt too wide) in paragraph at lines 272--272
[]                  []\OT1/cmtt/m/n/10 size[][]=[][]1[][],[]        []\OT1/cmtt
/m/it/10 #number of trials (size=1 for a Bernoulli distribution)[][] 
 []


Overfull \hbox (40.9771pt too wide) in paragraph at lines 300--300
[]                   []\OT1/cmtt/m/n/10 size[][]=[][]1[][],[]       []\OT1/cmtt
/m/it/10 #number of trials (size=1 for a Bernoulli distribution)[][] 
 []


Overfull \hbox (40.9771pt too wide) in paragraph at lines 328--328
[]                   []\OT1/cmtt/m/n/10 size[][]=[][]1[][],[]       []\OT1/cmtt
/m/it/10 #number of trials (size=1 for a Bernoulli distribution)[][] 
 []


Overfull \hbox (40.9771pt too wide) in paragraph at lines 356--356
[]                    []\OT1/cmtt/m/n/10 size[][]=[][]1[][],[]      []\OT1/cmtt
/m/it/10 #number of trials (size=1 for a Bernoulli distribution)[][] 
 []

[2] [3] [4] [5]
Underfull \hbox (badness 10000) in paragraph at lines 454--460

 []


Underfull \hbox (badness 10000) in paragraph at lines 454--460

 []

Package color Info: Redefining color shadecolor on input line 466.
[6]
Overfull \hbox (12.99121pt too wide) in paragraph at lines 472--473
[]\OT1/cmtt/m/it/10 ## -- Attaching packages ----------------------------------
----- tidyverse 1.3.1 --[] 
 []


Overfull \hbox (11.52121pt too wide) in paragraph at lines 476--476
[]\OT1/cmtt/m/it/10 ## -- Conflicts ------------------------------------------ 
tidyverse[]conflicts() -- 
 []

LaTeX Font Info:    Trying to load font information for OMS+cmtt on input line 
479.
(/Library/Frameworks/R.framework/Resources/share/texmf/tex/latex/omscmtt.fd
File: omscmtt.fd 
)
LaTeX Font Info:    Font shape `OMS/cmtt/m/n' in size <10> not available
(Font)              Font shape `OMS/cmsy/m/n' tried instead on input line 479.

Overfull \hbox (161.4761pt too wide) in paragraph at lines 487--487
[][]\OT1/cmtt/m/n/10 MOM.bernoulli[] []<-[] []function[][]([][]data[][])\OMS/cm
sy/m/n/10 f[]          []\OT1/cmtt/m/it/10 #function to find the MOM Estimator 
for p in a Bernoulli distribution[][] 
 []


Overfull \hbox (145.72624pt too wide) in paragraph at lines 496--496
[]  []\OT1/cmtt/m/n/10 -[][]sum[][]([][]dbinom[][]([][]x[][]=data,[] []prob[][]
=par,[] []size[][]=[][]1[][],[] []log[][]=[][]TRUE[][]))\OMS/cmsy/m/n/10 g[] []
\OT1/cmtt/m/it/10 #Sum is negative, as we are looking for a min with optim[][] 

 []


Overfull \hbox (7.74126pt too wide) in paragraph at lines 541--541
[]             []\OT1/cmtt/m/n/10 fill[] []=[] []"black"[][],[] []width[] []=[]
 []0.01[][],[] []position[] []=[] []position_dodge[][]([][]width[] []=[] []0.9[
][]))[][] 
 []


Overfull \hbox (7.74126pt too wide) in paragraph at lines 572--572
[]             []\OT1/cmtt/m/n/10 fill[] []=[] []"black"[][],[] []width[] []=[]
 []0.01[][],[] []position[] []=[] []position_dodge[][]([][]width[] []=[] []0.9[
][]))[][] 
 []

[7]
Underfull \vbox (badness 10000) detected at line 578
 []


Underfull \vbox (badness 10000) detected at line 578
 []

[8]
Package color Info: Redefining color shadecolor on input line 582.

Overfull \hbox (51.477pt too wide) in paragraph at lines 585--585
[]                    []\OT1/cmtt/m/n/10 size[][]=[][]1[][],[]        []\OT1/cm
tt/m/it/10 #number of trials (size=1 for a Bernoulli distribution)[][] 
 []

Package color Info: Redefining color shadecolor on input line 604.
<figure/unnamed-chunk-3-1.pdf, id=61, 542.025pt x 397.485pt>
File: figure/unnamed-chunk-3-1.pdf Graphic file (type pdf)
<use figure/unnamed-chunk-3-1.pdf>
Package pdftex.def Info: figure/unnamed-chunk-3-1.pdf  used on input line 610.
(pdftex.def)             Requested size: 469.75502pt x 344.49908pt.
[9]
Package color Info: Redefining color shadecolor on input line 618.

Overfull \hbox (51.477pt too wide) in paragraph at lines 621--621
[]                    []\OT1/cmtt/m/n/10 size[][]=[][]1[][],[]        []\OT1/cm
tt/m/it/10 #number of trials (size=1 for a Bernoulli distribution)[][] 
 []

<figure/unnamed-chunk-4-1.pdf, id=66, 505.89pt x 505.89pt>
File: figure/unnamed-chunk-4-1.pdf Graphic file (type pdf)
<use figure/unnamed-chunk-4-1.pdf>
Package pdftex.def Info: figure/unnamed-chunk-4-1.pdf  used on input line 639.
(pdftex.def)             Requested size: 422.75499pt x 422.76015pt.
[10pdfTeX warning (ext4): destination with the same identifier (name{figure.1})
 has been already used, duplicate ignored
<argument> ...shipout:D \box_use:N \l_shipout_box 
                                                  \__shipout_drop_firstpage_...
l.644   \item G
               enerate a random sample of size $n=25$ for your two sets of p...
 <./figure/unnamed-chunk-3-1.pdf>]
Package color Info: Redefining color shadecolor on input line 650.

Overfull \hbox (40.9771pt too wide) in paragraph at lines 653--653
[]                  []\OT1/cmtt/m/n/10 size[][]=[][]1[][],[]        []\OT1/cmtt
/m/it/10 #number of trials (size=1 for a Bernoulli distribution)[][] 
 []

<figure/unnamed-chunk-5-1.pdf, id=77, 505.89pt x 505.89pt>
File: figure/unnamed-chunk-5-1.pdf Graphic file (type pdf)
<use figure/unnamed-chunk-5-1.pdf>
Package pdftex.def Info: figure/unnamed-chunk-5-1.pdf  used on input line 671.
(pdftex.def)             Requested size: 422.75499pt x 422.76015pt.
[11 <./figure/unnamed-chunk-4-1.pdf>]
Overfull \hbox (51.477pt too wide) in paragraph at lines 674--674
[]                    []\OT1/cmtt/m/n/10 size[][]=[][]1[][],[]        []\OT1/cm
tt/m/it/10 #number of trials (size=1 for a Bernoulli distribution)[][] 
 []

<figure/unnamed-chunk-5-2.pdf, id=88, 505.89pt x 505.89pt>
File: figure/unnamed-chunk-5-2.pdf Graphic file (type pdf)
<use figure/unnamed-chunk-5-2.pdf>
Package pdftex.def Info: figure/unnamed-chunk-5-2.pdf  used on input line 692.
(pdftex.def)             Requested size: 422.75499pt x 422.76015pt.
[12 <./figure/unnamed-chunk-5-1.pdf>]
Package color Info: Redefining color shadecolor on input line 703.

Overfull \hbox (40.9771pt too wide) in paragraph at lines 706--706
[]                  []\OT1/cmtt/m/n/10 size[][]=[][]1[][],[]        []\OT1/cmtt
/m/it/10 #number of trials (size=1 for a Bernoulli distribution)[][] 
 []

<figure/unnamed-chunk-6-1.pdf, id=98, 505.89pt x 505.89pt>
File: figure/unnamed-chunk-6-1.pdf Graphic file (type pdf)
<use figure/unnamed-chunk-6-1.pdf>
Package pdftex.def Info: figure/unnamed-chunk-6-1.pdf  used on input line 724.
(pdftex.def)             Requested size: 422.75499pt x 422.76015pt.
[13 <./figure/unnamed-chunk-5-2.pdf>]
Package color Info: Redefining color shadecolor on input line 728.

Overfull \hbox (51.477pt too wide) in paragraph at lines 731--731
[]                    []\OT1/cmtt/m/n/10 size[][]=[][]1[][],[]        []\OT1/cm
tt/m/it/10 #number of trials (size=1 for a Bernoulli distribution)[][] 
 []

<figure/unnamed-chunk-7-1.pdf, id=110, 505.89pt x 505.89pt>
File: figure/unnamed-chunk-7-1.pdf Graphic file (type pdf)
<use figure/unnamed-chunk-7-1.pdf>
Package pdftex.def Info: figure/unnamed-chunk-7-1.pdf  used on input line 749.
(pdftex.def)             Requested size: 422.75499pt x 422.76015pt.
[14 <./figure/unnamed-chunk-6-1.pdf>]
Package color Info: Redefining color shadecolor on input line 760.

Overfull \hbox (40.9771pt too wide) in paragraph at lines 763--763
[]                  []\OT1/cmtt/m/n/10 size[][]=[][]1[][],[]        []\OT1/cmtt
/m/it/10 #number of trials (size=1 for a Bernoulli distribution)[][] 
 []

<figure/unnamed-chunk-8-1.pdf, id=120, 505.89pt x 505.89pt>
File: figure/unnamed-chunk-8-1.pdf Graphic file (type pdf)
<use figure/unnamed-chunk-8-1.pdf>
Package pdftex.def Info: figure/unnamed-chunk-8-1.pdf  used on input line 781.
(pdftex.def)             Requested size: 422.75499pt x 422.76015pt.
[15 <./figure/unnamed-chunk-7-1.pdf>]
Overfull \hbox (51.477pt too wide) in paragraph at lines 784--784
[]                    []\OT1/cmtt/m/n/10 size[][]=[][]1[][],[]        []\OT1/cm
tt/m/it/10 #number of trials (size=1 for a Bernoulli distribution)[][] 
 []

<figure/unnamed-chunk-8-2.pdf, id=131, 505.89pt x 505.89pt>
File: figure/unnamed-chunk-8-2.pdf Graphic file (type pdf)
<use figure/unnamed-chunk-8-2.pdf>
Package pdftex.def Info: figure/unnamed-chunk-8-2.pdf  used on input line 802.
(pdftex.def)             Requested size: 422.75499pt x 422.76015pt.
[16 <./figure/unnamed-chunk-8-1.pdf>]
Underfull \hbox (badness 10000) in paragraph at lines 807--812

 []


Underfull \hbox (badness 10000) in paragraph at lines 807--812

 []


Underfull \hbox (badness 10000) in paragraph at lines 807--812

 []

[17 <./figure/unnamed-chunk-8-2.pdf>]
No file HW2Q4.bbl.
(./HW2Q4.aux)
Package rerunfilecheck Info: File `HW2Q4.out' has not changed.
(rerunfilecheck)             Checksum: D41D8CD98F00B204E9800998ECF8427E;0.
 ) 
Here is how much of TeX's memory you used:
 9359 strings out of 480559
 140753 string characters out of 5901862
 492169 words of memory out of 5000000
 26817 multiletter control sequences out of 15000+600000
 406119 words of font info for 39 fonts, out of 8000000 for 9000
 14 hyphenation exceptions out of 8191
 60i,13n,66p,427b,544s stack positions out of 5000i,500n,10000p,200000b,80000s
</Users/fairuzishraque/Library/TinyTeX/texmf-dist/fonts/type1/public/amsfonts
/cm/cmbx10.pfb></Users/fairuzishraque/Library/TinyTeX/texmf-dist/fonts/type1/pu
blic/amsfonts/cm/cmex10.pfb></Users/fairuzishraque/Library/TinyTeX/texmf-dist/f
onts/type1/public/amsfonts/cm/cmitt10.pfb></Users/fairuzishraque/Library/TinyTe
X/texmf-dist/fonts/type1/public/amsfonts/cm/cmmi10.pfb></Users/fairuzishraque/L
ibrary/TinyTeX/texmf-dist/fonts/type1/public/amsfonts/cm/cmmi7.pfb></Users/fair
uzishraque/Library/TinyTeX/texmf-dist/fonts/type1/public/amsfonts/cm/cmr10.pfb>
</Users/fairuzishraque/Library/TinyTeX/texmf-dist/fonts/type1/public/amsfonts/c
m/cmr7.pfb></Users/fairuzishraque/Library/TinyTeX/texmf-dist/fonts/type1/public
/amsfonts/cm/cmsy10.pfb></Users/fairuzishraque/Library/TinyTeX/texmf-dist/fonts
/type1/public/amsfonts/cm/cmsy7.pfb></Users/fairuzishraque/Library/TinyTeX/texm
f-dist/fonts/type1/public/amsfonts/cm/cmti10.pfb></Users/fairuzishraque/Library
/TinyTeX/texmf-dist/fonts/type1/public/amsfonts/cm/cmtt10.pfb>
Output written on HW2Q4.pdf (17 pages, 192793 bytes).
PDF statistics:
 207 PDF objects out of 1000 (max. 8388607)
 148 compressed objects within 2 object streams
 35 named destinations out of 1000 (max. 500000)
 41 words of extra memory for PDF output out of 10000 (max. 10000000)

