This is pdfTeX, Version 3.141592653-2.6-1.40.23 (TeX Live 2022/dev) (preloaded format=pdflatex 2021.10.10)  10 OCT 2021 14:01
entering extended mode
 restricted \write18 enabled.
 %&-line parsing enabled.
**HW2.tex
(./HW2.tex
LaTeX2e <2021-06-01> patch level 1
L3 programming layer <2021-08-27>
(/Users/fairuzishraque/Library/TinyTeX/texmf-dist/tex/latex/base/article.cls
Document Class: article 2021/02/12 v1.4n Standard LaTeX document class
(/Users/fairuzishraque/Library/TinyTeX/texmf-dist/tex/latex/base/size10.clo
File: size10.clo 2021/02/12 v1.4n Standard LaTeX file (size option)
)
\c@part=\count182
\c@section=\count183
\c@subsection=\count184
\c@subsubsection=\count185
\c@paragraph=\count186
\c@subparagraph=\count187
\c@figure=\count188
\c@table=\count189
\abovecaptionskip=\skip47
\belowcaptionskip=\skip48
\bibindent=\dimen138
)
(/Users/fairuzishraque/Library/TinyTeX/texmf-dist/tex/latex/graphics/graphicx.s
ty
Package: graphicx 2020/12/05 v1.2c Enhanced LaTeX Graphics (DPC,SPQR)

(/Users/fairuzishraque/Library/TinyTeX/texmf-dist/tex/latex/graphics/keyval.sty
Package: keyval 2014/10/28 v1.15 key=value parser (DPC)
\KV@toks@=\toks16
)
(/Users/fairuzishraque/Library/TinyTeX/texmf-dist/tex/latex/graphics/graphics.s
ty
Package: graphics 2021/03/04 v1.4d Standard LaTeX Graphics (DPC,SPQR)

(/Users/fairuzishraque/Library/TinyTeX/texmf-dist/tex/latex/graphics/trig.sty
Package: trig 2016/01/03 v1.10 sin cos tan (DPC)
)
(/Users/fairuzishraque/Library/TinyTeX/texmf-dist/tex/latex/graphics-cfg/graphi
cs.cfg
File: graphics.cfg 2016/06/04 v1.11 sample graphics configuration
)
Package graphics Info: Driver file: pdftex.def on input line 107.

(/Users/fairuzishraque/Library/TinyTeX/texmf-dist/tex/latex/graphics-def/pdftex
.def
File: pdftex.def 2020/10/05 v1.2a Graphics/color driver for pdftex
))
\Gin@req@height=\dimen139
\Gin@req@width=\dimen140
)
(/Users/fairuzishraque/Library/TinyTeX/texmf-dist/tex/latex/graphics/color.sty
Package: color 2020/02/24 v1.2b Standard LaTeX Color (DPC)

(/Users/fairuzishraque/Library/TinyTeX/texmf-dist/tex/latex/graphics-cfg/color.
cfg
File: color.cfg 2016/01/02 v1.6 sample color configuration
)
Package color Info: Driver file: pdftex.def on input line 149.
)
(/Users/fairuzishraque/Library/TinyTeX/texmf-dist/tex/latex/framed/framed.sty
Package: framed 2011/10/22 v 0.96: framed or shaded text with page breaks
\OuterFrameSep=\skip49
\fb@frw=\dimen141
\fb@frh=\dimen142
\FrameRule=\dimen143
\FrameSep=\dimen144
)
(/Users/fairuzishraque/Library/TinyTeX/texmf-dist/tex/latex/base/alltt.sty
Package: alltt 2021/01/29 v2.0g defines alltt environment
)
(/Users/fairuzishraque/Library/TinyTeX/texmf-dist/tex/latex/amsmath/amsmath.sty
Package: amsmath 2021/04/20 v2.17j AMS math features
\@mathmargin=\skip50
For additional information on amsmath, use the `?' option.

(/Users/fairuzishraque/Library/TinyTeX/texmf-dist/tex/latex/amsmath/amstext.sty
Package: amstext 2000/06/29 v2.01 AMS text
(/Users/fairuzishraque/Library/TinyTeX/texmf-dist/tex/latex/amsmath/amsgen.sty
File: amsgen.sty 1999/11/30 v2.0 generic functions
\@emptytoks=\toks17
\ex@=\dimen145
))
(/Users/fairuzishraque/Library/TinyTeX/texmf-dist/tex/latex/amsmath/amsbsy.sty
Package: amsbsy 1999/11/29 v1.2d Bold Symbols
\pmbraise@=\dimen146
) (/Users/fairuzishraque/Library/TinyTeX/texmf-dist/tex/latex/amsmath/amsopn.st
y
Package: amsopn 2016/03/08 v2.02 operator names
)
\inf@bad=\count190
LaTeX Info: Redefining \frac on input line 234.
\uproot@=\count191
\leftroot@=\count192
LaTeX Info: Redefining \overline on input line 399.
\classnum@=\count193
\DOTSCASE@=\count194
LaTeX Info: Redefining \ldots on input line 496.
LaTeX Info: Redefining \dots on input line 499.
LaTeX Info: Redefining \cdots on input line 620.
\Mathstrutbox@=\box50
\strutbox@=\box51
\big@size=\dimen147
LaTeX Font Info:    Redeclaring font encoding OML on input line 743.
LaTeX Font Info:    Redeclaring font encoding OMS on input line 744.
\macc@depth=\count195
\c@MaxMatrixCols=\count196
\dotsspace@=\muskip16
\c@parentequation=\count197
\dspbrk@lvl=\count198
\tag@help=\toks18
\row@=\count199
\column@=\count266
\maxfields@=\count267
\andhelp@=\toks19
\eqnshift@=\dimen148
\alignsep@=\dimen149
\tagshift@=\dimen150
\tagwidth@=\dimen151
\totwidth@=\dimen152
\lineht@=\dimen153
\@envbody=\toks20
\multlinegap=\skip51
\multlinetaggap=\skip52
\mathdisplay@stack=\toks21
LaTeX Info: Redefining \[ on input line 2923.
LaTeX Info: Redefining \] on input line 2924.
)
(/Users/fairuzishraque/Library/TinyTeX/texmf-dist/tex/latex/amsfonts/amsfonts.s
ty
Package: amsfonts 2013/01/14 v3.01 Basic AMSFonts support
\symAMSa=\mathgroup4
\symAMSb=\mathgroup5
LaTeX Font Info:    Redeclaring math symbol \hbar on input line 98.
LaTeX Font Info:    Overwriting math alphabet `\mathfrak' in version `bold'
(Font)                  U/euf/m/n --> U/euf/b/n on input line 106.
)
(/Users/fairuzishraque/Library/TinyTeX/texmf-dist/tex/latex/hyperref/hyperref.s
ty
Package: hyperref 2021-06-07 v7.00m Hypertext links for LaTeX

(/Users/fairuzishraque/Library/TinyTeX/texmf-dist/tex/generic/ltxcmds/ltxcmds.s
ty
Package: ltxcmds 2020-05-10 v1.25 LaTeX kernel commands for general use (HO)
)
(/Users/fairuzishraque/Library/TinyTeX/texmf-dist/tex/generic/iftex/iftex.sty
Package: iftex 2020/03/06 v1.0d TeX engine tests
)
(/Users/fairuzishraque/Library/TinyTeX/texmf-dist/tex/generic/pdftexcmds/pdftex
cmds.sty
Package: pdftexcmds 2020-06-27 v0.33 Utility functions of pdfTeX for LuaTeX (HO
)

(/Users/fairuzishraque/Library/TinyTeX/texmf-dist/tex/generic/infwarerr/infware
rr.sty
Package: infwarerr 2019/12/03 v1.5 Providing info/warning/error messages (HO)
)
Package pdftexcmds Info: \pdf@primitive is available.
Package pdftexcmds Info: \pdf@ifprimitive is available.
Package pdftexcmds Info: \pdfdraftmode found.
)
(/Users/fairuzishraque/Library/TinyTeX/texmf-dist/tex/generic/kvsetkeys/kvsetke
ys.sty
Package: kvsetkeys 2019/12/15 v1.18 Key value parser (HO)
)
(/Users/fairuzishraque/Library/TinyTeX/texmf-dist/tex/generic/kvdefinekeys/kvde
finekeys.sty
Package: kvdefinekeys 2019-12-19 v1.6 Define keys (HO)
)
(/Users/fairuzishraque/Library/TinyTeX/texmf-dist/tex/generic/pdfescape/pdfesca
pe.sty
Package: pdfescape 2019/12/09 v1.15 Implements pdfTeX's escape features (HO)
)
(/Users/fairuzishraque/Library/TinyTeX/texmf-dist/tex/latex/hycolor/hycolor.sty
Package: hycolor 2020-01-27 v1.10 Color options for hyperref/bookmark (HO)
)
(/Users/fairuzishraque/Library/TinyTeX/texmf-dist/tex/latex/letltxmacro/letltxm
acro.sty
Package: letltxmacro 2019/12/03 v1.6 Let assignment for LaTeX macros (HO)
)
(/Users/fairuzishraque/Library/TinyTeX/texmf-dist/tex/latex/auxhook/auxhook.sty
Package: auxhook 2019-12-17 v1.6 Hooks for auxiliary files (HO)
)
(/Users/fairuzishraque/Library/TinyTeX/texmf-dist/tex/latex/kvoptions/kvoptions
.sty
Package: kvoptions 2020-10-07 v3.14 Key value format for package options (HO)
)
\@linkdim=\dimen154
\Hy@linkcounter=\count268
\Hy@pagecounter=\count269

(/Users/fairuzishraque/Library/TinyTeX/texmf-dist/tex/latex/hyperref/pd1enc.def
File: pd1enc.def 2021-06-07 v7.00m Hyperref: PDFDocEncoding definition (HO)
Now handling font encoding PD1 ...
... no UTF-8 mapping file for font encoding PD1
)
(/Users/fairuzishraque/Library/TinyTeX/texmf-dist/tex/latex/hyperref/hyperref-l
angpatches.def
File: hyperref-langpatches.def 2021-06-07 v7.00m Hyperref: patches for babel la
nguages
)
(/Users/fairuzishraque/Library/TinyTeX/texmf-dist/tex/generic/intcalc/intcalc.s
ty
Package: intcalc 2019/12/15 v1.3 Expandable calculations with integers (HO)
)
(/Users/fairuzishraque/Library/TinyTeX/texmf-dist/tex/generic/etexcmds/etexcmds
.sty
Package: etexcmds 2019/12/15 v1.7 Avoid name clashes with e-TeX commands (HO)
)
\Hy@SavedSpaceFactor=\count270

(/Users/fairuzishraque/Library/TinyTeX/texmf-dist/tex/latex/hyperref/puenc.def
File: puenc.def 2021-06-07 v7.00m Hyperref: PDF Unicode definition (HO)
Now handling font encoding PU ...
... no UTF-8 mapping file for font encoding PU
)
Package hyperref Info: Hyper figures OFF on input line 4192.
Package hyperref Info: Link nesting OFF on input line 4197.
Package hyperref Info: Hyper index ON on input line 4200.
Package hyperref Info: Plain pages OFF on input line 4207.
Package hyperref Info: Backreferencing OFF on input line 4212.
Package hyperref Info: Implicit mode ON; LaTeX internals redefined.
Package hyperref Info: Bookmarks ON on input line 4445.
\c@Hy@tempcnt=\count271
(/Users/fairuzishraque/Library/TinyTeX/texmf-dist/tex/latex/url/url.sty
\Urlmuskip=\muskip17
Package: url 2013/09/16  ver 3.4  Verb mode for urls, etc.
)
LaTeX Info: Redefining \url on input line 4804.
\XeTeXLinkMargin=\dimen155

(/Users/fairuzishraque/Library/TinyTeX/texmf-dist/tex/generic/bitset/bitset.sty
Package: bitset 2019/12/09 v1.3 Handle bit-vector datatype (HO)

(/Users/fairuzishraque/Library/TinyTeX/texmf-dist/tex/generic/bigintcalc/bigint
calc.sty
Package: bigintcalc 2019/12/15 v1.5 Expandable calculations on big integers (HO
)
))
\Fld@menulength=\count272
\Field@Width=\dimen156
\Fld@charsize=\dimen157
Package hyperref Info: Hyper figures OFF on input line 6076.
Package hyperref Info: Link nesting OFF on input line 6081.
Package hyperref Info: Hyper index ON on input line 6084.
Package hyperref Info: backreferencing OFF on input line 6091.
Package hyperref Info: Link coloring OFF on input line 6096.
Package hyperref Info: Link coloring with OCG OFF on input line 6101.
Package hyperref Info: PDF/A mode OFF on input line 6106.
LaTeX Info: Redefining \ref on input line 6146.
LaTeX Info: Redefining \pageref on input line 6150.

(/Users/fairuzishraque/Library/TinyTeX/texmf-dist/tex/latex/base/atbegshi-ltx.s
ty
Package: atbegshi-ltx 2021/01/10 v1.0c Emulation of the original atbegshi
package with kernel methods
)
\Hy@abspage=\count273
\c@Item=\count274
\c@Hfootnote=\count275
)
Package hyperref Info: Driver (autodetected): hpdftex.

(/Users/fairuzishraque/Library/TinyTeX/texmf-dist/tex/latex/hyperref/hpdftex.de
f
File: hpdftex.def 2021-06-07 v7.00m Hyperref driver for pdfTeX

(/Users/fairuzishraque/Library/TinyTeX/texmf-dist/tex/latex/base/atveryend-ltx.
sty
Package: atveryend-ltx 2020/08/19 v1.0a Emulation of the original atvery packag
e
with kernel methods
)
\Fld@listcount=\count276
\c@bookmark@seq@number=\count277

(/Users/fairuzishraque/Library/TinyTeX/texmf-dist/tex/latex/rerunfilecheck/reru
nfilecheck.sty
Package: rerunfilecheck 2019/12/05 v1.9 Rerun checks for auxiliary files (HO)

(/Users/fairuzishraque/Library/TinyTeX/texmf-dist/tex/generic/uniquecounter/uni
quecounter.sty
Package: uniquecounter 2019/12/15 v1.4 Provide unlimited unique counter (HO)
)
Package uniquecounter Info: New unique counter `rerunfilecheck' on input line 2
86.
)
\Hy@SectionHShift=\skip53
)
Package hyperref Info: Option `colorlinks' set `true' on input line 59.

(/Users/fairuzishraque/Library/TinyTeX/texmf-dist/tex/latex/natbib/natbib.sty
Package: natbib 2010/09/13 8.31b (PWD, AO)
\bibhang=\skip54
\bibsep=\skip55
LaTeX Info: Redefining \cite on input line 694.
\c@NAT@ctr=\count278
)
(/Users/fairuzishraque/Library/TinyTeX/texmf-dist/tex/latex/geometry/geometry.s
ty
Package: geometry 2020/01/02 v5.9 Page Geometry

(/Users/fairuzishraque/Library/TinyTeX/texmf-dist/tex/generic/iftex/ifvtex.sty
Package: ifvtex 2019/10/25 v1.7 ifvtex legacy package. Use iftex instead.
)
\Gm@cnth=\count279
\Gm@cntv=\count280
\c@Gm@tempcnt=\count281
\Gm@bindingoffset=\dimen158
\Gm@wd@mp=\dimen159
\Gm@odd@mp=\dimen160
\Gm@even@mp=\dimen161
\Gm@layoutwidth=\dimen162
\Gm@layoutheight=\dimen163
\Gm@layouthoffset=\dimen164
\Gm@layoutvoffset=\dimen165
\Gm@dimlist=\toks22
) (/Users/fairuzishraque/Library/TinyTeX/texmf-dist/tex/latex/float/float.sty
Package: float 2001/11/08 v1.3d Float enhancements (AL)
\c@float@type=\count282
\float@exts=\toks23
\float@box=\box52
\@float@everytoks=\toks24
\@floatcapt=\box53
)
(/Users/fairuzishraque/Library/TinyTeX/texmf-dist/tex/latex/l3backend/l3backend
-pdftex.def
File: l3backend-pdftex.def 2021-08-04 L3 backend support: PDF output (pdfTeX)
\l__color_backend_stack_int=\count283
\l__pdf_internal_box=\box54
) (./HW2.aux)
\openout1 = `HW2.aux'.

LaTeX Font Info:    Checking defaults for OML/cmm/m/it on input line 65.
LaTeX Font Info:    ... okay on input line 65.
LaTeX Font Info:    Checking defaults for OMS/cmsy/m/n on input line 65.
LaTeX Font Info:    ... okay on input line 65.
LaTeX Font Info:    Checking defaults for OT1/cmr/m/n on input line 65.
LaTeX Font Info:    ... okay on input line 65.
LaTeX Font Info:    Checking defaults for T1/cmr/m/n on input line 65.
LaTeX Font Info:    ... okay on input line 65.
LaTeX Font Info:    Checking defaults for TS1/cmr/m/n on input line 65.
LaTeX Font Info:    ... okay on input line 65.
LaTeX Font Info:    Checking defaults for OMX/cmex/m/n on input line 65.
LaTeX Font Info:    ... okay on input line 65.
LaTeX Font Info:    Checking defaults for U/cmr/m/n on input line 65.
LaTeX Font Info:    ... okay on input line 65.
LaTeX Font Info:    Checking defaults for PD1/pdf/m/n on input line 65.
LaTeX Font Info:    ... okay on input line 65.
LaTeX Font Info:    Checking defaults for PU/pdf/m/n on input line 65.
LaTeX Font Info:    ... okay on input line 65.

(/Users/fairuzishraque/Library/TinyTeX/texmf-dist/tex/latex/epstopdf-pkg/epstop
df-base.sty
Package: epstopdf-base 2020-01-24 v2.11 Base part for package epstopdf
Package epstopdf-base Info: Redefining graphics rule for `.eps' on input line 4
85.

(/Users/fairuzishraque/Library/TinyTeX/texmf-dist/tex/latex/latexconfig/epstopd
f-sys.cfg
File: epstopdf-sys.cfg 2010/07/13 v1.3 Configuration of (r)epstopdf for TeX Liv
e
))
Package hyperref Info: Link coloring ON on input line 65.

(/Users/fairuzishraque/Library/TinyTeX/texmf-dist/tex/latex/hyperref/nameref.st
y
Package: nameref 2021-04-02 v2.47 Cross-referencing by name of section

(/Users/fairuzishraque/Library/TinyTeX/texmf-dist/tex/latex/refcount/refcount.s
ty
Package: refcount 2019/12/15 v3.6 Data extraction from label references (HO)
)
(/Users/fairuzishraque/Library/TinyTeX/texmf-dist/tex/generic/gettitlestring/ge
ttitlestring.sty
Package: gettitlestring 2019/12/15 v1.6 Cleanup title references (HO)
)
\c@section@level=\count284
)
LaTeX Info: Redefining \ref on input line 65.
LaTeX Info: Redefining \pageref on input line 65.
LaTeX Info: Redefining \nameref on input line 65.
 (./HW2.out) (./HW2.out)
\@outlinefile=\write3
\openout3 = `HW2.out'.


*geometry* driver: auto-detecting
*geometry* detected driver: pdftex
*geometry* verbose mode - [ preamble ] result:
* driver: pdftex
* paper: <default>
* layout: <same size as paper>
* layoutoffset:(h,v)=(0.0pt,0.0pt)
* modes: 
* h-part:(L,W,R)=(72.26999pt, 469.75502pt, 72.26999pt)
* v-part:(T,H,B)=(72.26999pt, 650.43001pt, 72.26999pt)
* \paperwidth=614.295pt
* \paperheight=794.96999pt
* \textwidth=469.75502pt
* \textheight=650.43001pt
* \oddsidemargin=0.0pt
* \evensidemargin=0.0pt
* \topmargin=-37.0pt
* \headheight=12.0pt
* \headsep=25.0pt
* \topskip=10.0pt
* \footskip=30.0pt
* \marginparwidth=65.0pt
* \marginparsep=11.0pt
* \columnsep=10.0pt
* \skip\footins=9.0pt plus 4.0pt minus 2.0pt
* \hoffset=0.0pt
* \voffset=0.0pt
* \mag=1000
* \@twocolumnfalse
* \@twosidefalse
* \@mparswitchfalse
* \@reversemarginfalse
* (1in=72.27pt=25.4mm, 1cm=28.453pt)

LaTeX Font Info:    Trying to load font information for U+msa on input line 81.

(/Users/fairuzishraque/Library/TinyTeX/texmf-dist/tex/latex/amsfonts/umsa.fd
File: umsa.fd 2013/01/14 v3.01 AMS symbols A
)
LaTeX Font Info:    Trying to load font information for U+msb on input line 81.


(/Users/fairuzishraque/Library/TinyTeX/texmf-dist/tex/latex/amsfonts/umsb.fd
File: umsb.fd 2013/01/14 v3.01 AMS symbols B
)
[1

{/Users/fairuzishraque/Library/TinyTeX/texmf-var/fonts/map/pdftex/updmap/pdftex
.map}]
Package color Info: Redefining color shadecolor on input line 173.
LaTeX Font Info:    Font shape `OT1/cmtt/bx/n' in size <10> not available
(Font)              Font shape `OT1/cmtt/m/n' tried instead on input line 175.
Package color Info: Redefining color shadecolor on input line 184.

Overfull \hbox (81.24062pt too wide) in paragraph at lines 188--188
[]  []\OT1/cmtt/m/n/10 summarize[][]([][]Mean[] []=[] []mean[][](x),[] []SD[] [
]=[] []sd[][](x),[] []Skewness[] []=[] []skewness[][](x),[] []"Excess Kurtosis"
[] []=[] []kurtosis[][](x))[][] 
 []

Package color Info: Redefining color shadecolor on input line 200.
[2]
Package color Info: Redefining color shadecolor on input line 211.
Package color Info: Redefining color shadecolor on input line 222.
Package color Info: Redefining color shadecolor on input line 234.
Package color Info: Redefining color shadecolor on input line 245.

Overfull \hbox (170.48984pt too wide) in paragraph at lines 248--248
[][]\OT1/cmtt/m/n/10 s2_stats[] []<-[] []s2[] []%>%[] []summarize[][]([][]Mean[
] []=[] []mean[][](x),[] []SD[] []=[] []sd[][](x),[] []Skewness[] []=[] []skewn
ess[][](x),[] []"Excess Kurtosis"[] []=[] []kurtosis[][](x))[][] 
 []

Package color Info: Redefining color shadecolor on input line 260.
Package color Info: Redefining color shadecolor on input line 271.
Package color Info: Redefining color shadecolor on input line 282.
Package color Info: Redefining color shadecolor on input line 294.
[3]
Package color Info: Redefining color shadecolor on input line 305.

Overfull \hbox (170.48984pt too wide) in paragraph at lines 308--308
[][]\OT1/cmtt/m/n/10 s3_stats[] []<-[] []s3[] []%>%[] []summarize[][]([][]Mean[
] []=[] []mean[][](x),[] []SD[] []=[] []sd[][](x),[] []Skewness[] []=[] []skewn
ess[][](x),[] []"Excess Kurtosis"[] []=[] []kurtosis[][](x))[][] 
 []

Package color Info: Redefining color shadecolor on input line 320.
Package color Info: Redefining color shadecolor on input line 331.
Package color Info: Redefining color shadecolor on input line 342.
Package color Info: Redefining color shadecolor on input line 354.
Package color Info: Redefining color shadecolor on input line 365.

Overfull \hbox (170.48984pt too wide) in paragraph at lines 368--368
[][]\OT1/cmtt/m/n/10 s4_stats[] []<-[] []s4[] []%>%[] []summarize[][]([][]Mean[
] []=[] []mean[][](x),[] []SD[] []=[] []sd[][](x),[] []Skewness[] []=[] []skewn
ess[][](x),[] []"Excess Kurtosis"[] []=[] []kurtosis[][](x))[][] 
 []

Package color Info: Redefining color shadecolor on input line 375.
Package color Info: Redefining color shadecolor on input line 386.
[4]
Package color Info: Redefining color shadecolor on input line 397.
Package color Info: Redefining color shadecolor on input line 409.
Package color Info: Redefining color shadecolor on input line 426.
Package color Info: Redefining color shadecolor on input line 434.
LaTeX Font Info:    Trying to load font information for OMS+cmtt on input line 
440.
 (/Library/Frameworks/R.framework/Resources/share/texmf/tex/latex/omscmtt.fd
File: omscmtt.fd 
)
LaTeX Font Info:    Font shape `OMS/cmtt/m/n' in size <10> not available
(Font)              Font shape `OMS/cmsy/m/n' tried instead on input line 440.

Overfull \hbox (151.22614pt too wide) in paragraph at lines 465--465
[]  []\OT1/cmtt/m/it/10 # Since the optim() function minimizes, we use neg beca
use on multiplying by negative,     it will maximize[][] 
 []

[5]
Package color Info: Redefining color shadecolor on input line 475.

Overfull \hbox (12.99121pt too wide) in paragraph at lines 486--486
[][]\OT1/cmtt/m/n/10 mle_dat1[] []<-[] []data.frame[][]([][]x[] []=[] []rnorm[]
[]([][]n[] []= obs[[][]1[][]],[] []mean[] []= mle1[][]$[][]par[[][]1[][]],[] []
sd[] []= mle1[][]$[][]par[[][]2[][]]))[][] 
 []


Overfull \hbox (212.48947pt too wide) in paragraph at lines 487--487
[][]\OT1/cmtt/m/n/10 mle1_p[] []<-[] []ggplot[][]([][]data[][]=mle_dat1,[] []ae
s[][]([][]x[][]=x))[][]+[] []geom_histogram[][]([][]color[][]=[][]"black"[][],[
] []fill[] []=[] []"blue"[][],[] []alpha[] []=[] []0.5[][],[] []aes[][]([][]y[]
[]=..density..))[][]+[][] 
 []


Overfull \hbox (70.7407pt too wide) in paragraph at lines 491--491
[]  []\OT1/cmtt/m/n/10 geom_histogram[][]([][]aes[][]([][]x[] []= dat1[][]$[][]
x,[] []y[][]=..density..),[] []color[][]=[][]"black"[][],[] []fill[] []=[] []"g
reen"[][],[] []alpha[] []=[] []0.2[][])[] []+[][] 
 []

<figure/unnamed-chunk-24-1.pdf, id=59, 505.89pt x 505.89pt>
File: figure/unnamed-chunk-24-1.pdf Graphic file (type pdf)
<use figure/unnamed-chunk-24-1.pdf>
Package pdftex.def Info: figure/unnamed-chunk-24-1.pdf  used on input line 499.

(pdftex.def)             Requested size: 422.75499pt x 422.76015pt.
[6]
Overfull \hbox (1446.22871pt too wide) in paragraph at lines 501--501
[][]\OT1/cmtt/m/n/10 dat1_h[] []<-[] []ggplot[][]([][]data[][]=dat1,[] []aes[][
]([][]x[][]=x))[][]+[] []geom_histogram[][]([][]color[][]=[][]"black"[][],[] []
fill[] []=[] []"lightblue"[][],[] []alpha[] []=[] []0.5[][],[] []binwidth[] []=
[] []0.2[][],[] []aes[][]([][]y[][]=..density..))[][]+[] []geom_hline[][]([][]y
intercept[][]=[][]0[][])[][]+[] []geom_density[][]([][]alpha[][]=[][].2[][],[] 
[]fill[][]=[][]"purple"[][])[] []+[] []theme_bw[][]()[][]+[] []xlab[][]([][]"x"
[][])[][]+[] []ylab[][]([][]"Density"[][])[][]+[] []ggtitle[][]([][]"Normal Dis
trubution (n = 10)"[][])[] []+[] []geom_vline[][]([][]xintercept[] []=[] []mean
[][](dat1[][]$[][]x),[] []alpha[][]=[][]0.35[][],[] []color[][]=[][]"red"[][],[
][]size[][]=[][]1[][])[][] 
 []


Overfull \hbox (774.23457pt too wide) in paragraph at lines 504--504
[][]\OT1/cmtt/m/n/10 dat1_p[] []<-[] []ggplot[][]([][]data[][]=dat1,[] []aes[][
]([][]x[][]=n,[] []y[][]=x))[][]+[] []geom_line[][]()[][]+[] []geom_hline[][]([
][]yintercept[][]=[][]0[][])[][]+[] []geom_hline[][]([][]yintercept[] []=[] []m
ean[][](dat1[][]$[][]x),[] []alpha[][]=[][]0.35[][],[] []color[][]=[][]"red"[][
],[][]size[][]=[][]1[][])[] []+[] []theme_bw[][]()[][]+[] []xlab[][]([][]"n"[][
])[][]+[] []ylab[][]([][]"x"[][])[][]+[] []ggtitle[][]([][]"Normal Distrubution
 (n = 10)"[][])[][] 
 []

<figure/unnamed-chunk-24-2.pdf, id=64, 505.89pt x 505.89pt>
File: figure/unnamed-chunk-24-2.pdf Graphic file (type pdf)
<use figure/unnamed-chunk-24-2.pdf>
Package pdftex.def Info: figure/unnamed-chunk-24-2.pdf  used on input line 509.

(pdftex.def)             Requested size: 422.75499pt x 422.76015pt.
[7 <./figure/unnamed-chunk-24-1.pdf>]
Package color Info: Redefining color shadecolor on input line 516.
Package color Info: Redefining color shadecolor on input line 524.
Package color Info: Redefining color shadecolor on input line 535.

Overfull \hbox (1834.72533pt too wide) in paragraph at lines 538--538
[][]\OT1/cmtt/m/n/10 mom2_p[] []<-[] []ggplot[][]([][]data[][]=mom_dat2,[] []ae
s[][]([][]x[][]=x))[][]+[] []geom_histogram[][]([][]color[][]=[][]"black"[][],[
] []fill[] []=[] []"blue"[][],[] []alpha[] []=[] []0.5[][],[] []aes[][]([][]y[]
[]=..density..))[][]+[] []geom_hline[][]([][]yintercept[][]=[][]0[][])[][]+[] [
]geom_density[][]([][]alpha[][]=[][].2[][],[] []fill[][]=[][]"purple"[][])[] []
+[] []theme_bw[][]()[][]+[] []xlab[][]([][]"x"[][])[][]+[] []ylab[][]([][]"Dens
ity"[][])[][]+[] []ggtitle[][]([][]"Method Of Moments (n = 25)"[][])[] []+[] []
geom_histogram[][]([][]aes[][]([][]x[] []= dat2[][]$[][]x,[] []y[][]=..density.
.),[] []color[][]=[][]"black"[][],[] []fill[] []=[] []"green"[][],[] []alpha[] 
[]=[] []0.2[][])[] []+[] []geom_vline[][]([][]xintercept[] []=[] []mean[][](dat
2[][]$[][]x),[] []alpha[][]=[][]0.35[][],[] []color[][]=[][]"red"[][],[][]size[
][]=[][]1[][])[][] 
 []


Overfull \hbox (12.99121pt too wide) in paragraph at lines 540--540
[][]\OT1/cmtt/m/n/10 mle_dat2[] []<-[] []data.frame[][]([][]x[] []=[] []rnorm[]
[]([][]n[] []= obs[[][]2[][]],[] []mean[] []= mle2[][]$[][]par[[][]1[][]],[] []
sd[] []= mle2[][]$[][]par[[][]2[][]]))[][] 
 []


Overfull \hbox (1892.47482pt too wide) in paragraph at lines 541--541
[][]\OT1/cmtt/m/n/10 mle2_p[] []<-[] []ggplot[][]([][]data[][]=mle_dat2,[] []ae
s[][]([][]x[][]=x))[][]+[] []geom_histogram[][]([][]color[][]=[][]"black"[][],[
] []fill[] []=[] []"blue"[][],[] []alpha[] []=[] []0.5[][],[] []aes[][]([][]y[]
[]=..density..))[][]+[] []geom_hline[][]([][]yintercept[][]=[][]0[][])[][]+[] [
]geom_density[][]([][]alpha[][]=[][].2[][],[] []fill[][]=[][]"purple"[][])[] []
+[] []theme_bw[][]()[][]+[] []xlab[][]([][]"x"[][])[][]+[] []ylab[][]([][]"Dens
ity"[][])[][]+[] []ggtitle[][]([][]"Maximum Likelihood Estimator (n = 25)"[][])
[] []+[] []geom_histogram[][]([][]aes[][]([][]x[] []= dat2[][]$[][]x,[] []y[][]
=..density..),[] []color[][]=[][]"black"[][],[] []fill[] []=[] []"green"[][],[]
 []alpha[] []=[] []0.2[][])[] []+[] []geom_vline[][]([][]xintercept[] []=[] []m
ean[][](dat2[][]$[][]x),[] []alpha[][]=[][]0.35[][],[] []color[][]=[][]"red"[][
],[][]size[][]=[][]1[][])[][] 
 []

[8 <./figure/unnamed-chunk-24-2.pdf>]
<figure/unnamed-chunk-27-1.pdf, id=95, 505.89pt x 505.89pt>
File: figure/unnamed-chunk-27-1.pdf Graphic file (type pdf)
<use figure/unnamed-chunk-27-1.pdf>
Package pdftex.def Info: figure/unnamed-chunk-27-1.pdf  used on input line 548.

(pdftex.def)             Requested size: 422.75499pt x 422.76015pt.

Overfull \hbox (1446.22871pt too wide) in paragraph at lines 550--550
[][]\OT1/cmtt/m/n/10 dat2_h[] []<-[] []ggplot[][]([][]data[][]=dat2,[] []aes[][
]([][]x[][]=x))[][]+[] []geom_histogram[][]([][]color[][]=[][]"black"[][],[] []
fill[] []=[] []"lightblue"[][],[] []alpha[] []=[] []0.5[][],[] []binwidth[] []=
[] []0.2[][],[] []aes[][]([][]y[][]=..density..))[][]+[] []geom_hline[][]([][]y
intercept[][]=[][]0[][])[][]+[] []geom_density[][]([][]alpha[][]=[][].2[][],[] 
[]fill[][]=[][]"purple"[][])[] []+[] []theme_bw[][]()[][]+[] []xlab[][]([][]"x"
[][])[][]+[] []ylab[][]([][]"Density"[][])[][]+[] []ggtitle[][]([][]"Normal Dis
trubution (n = 25)"[][])[] []+[] []geom_vline[][]([][]xintercept[] []=[] []mean
[][](dat2[][]$[][]x),[] []alpha[][]=[][]0.35[][],[] []color[][]=[][]"red"[][],[
][]size[][]=[][]1[][])[][] 
 []


Overfull \hbox (774.23457pt too wide) in paragraph at lines 553--553
[][]\OT1/cmtt/m/n/10 dat2_p[] []<-[] []ggplot[][]([][]data[][]=dat2,[] []aes[][
]([][]x[][]=n,[] []y[][]=x))[][]+[] []geom_line[][]()[][]+[] []geom_hline[][]([
][]yintercept[][]=[][]0[][])[][]+[] []geom_hline[][]([][]yintercept[] []=[] []m
ean[][](dat2[][]$[][]x),[] []alpha[][]=[][]0.35[][],[] []color[][]=[][]"red"[][
],[][]size[][]=[][]1[][])[] []+[] []theme_bw[][]()[][]+[] []xlab[][]([][]"n"[][
])[][]+[] []ylab[][]([][]"x"[][])[][]+[] []ggtitle[][]([][]"Normal Distrubution
 (n = 25)"[][])[][] 
 []

<figure/unnamed-chunk-27-2.pdf, id=96, 505.89pt x 505.89pt>
File: figure/unnamed-chunk-27-2.pdf Graphic file (type pdf)
<use figure/unnamed-chunk-27-2.pdf>
Package pdftex.def Info: figure/unnamed-chunk-27-2.pdf  used on input line 558.

(pdftex.def)             Requested size: 422.75499pt x 422.76015pt.
[9 <./figure/unnamed-chunk-27-1.pdf>]
Package color Info: Redefining color shadecolor on input line 565.
Package color Info: Redefining color shadecolor on input line 573.
Package color Info: Redefining color shadecolor on input line 584.

Overfull \hbox (1839.97528pt too wide) in paragraph at lines 587--587
[][]\OT1/cmtt/m/n/10 mom3_p[] []<-[] []ggplot[][]([][]data[][]=mom_dat3,[] []ae
s[][]([][]x[][]=x))[][]+[] []geom_histogram[][]([][]color[][]=[][]"black"[][],[
] []fill[] []=[] []"blue"[][],[] []alpha[] []=[] []0.5[][],[] []aes[][]([][]y[]
[]=..density..))[][]+[] []geom_hline[][]([][]yintercept[][]=[][]0[][])[][]+[] [
]geom_density[][]([][]alpha[][]=[][].2[][],[] []fill[][]=[][]"purple"[][])[] []
+[] []theme_bw[][]()[][]+[] []xlab[][]([][]"x"[][])[][]+[] []ylab[][]([][]"Dens
ity"[][])[][]+[] []ggtitle[][]([][]"Method of Moments (n = 100)"[][])[] []+[] [
]geom_histogram[][]([][]aes[][]([][]x[] []= dat3[][]$[][]x,[] []y[][]=..density
..),[] []color[][]=[][]"black"[][],[] []fill[] []=[] []"green"[][],[] []alpha[]
 []=[] []0.2[][])[] []+[] []geom_vline[][]([][]xintercept[] []=[] []mean[][](da
t3[][]$[][]x),[] []alpha[][]=[][]0.35[][],[] []color[][]=[][]"red"[][],[][]size
[][]=[][]1[][])[][] 
 []


Overfull \hbox (12.99121pt too wide) in paragraph at lines 589--589
[][]\OT1/cmtt/m/n/10 mle_dat3[] []<-[] []data.frame[][]([][]x[] []=[] []rnorm[]
[]([][]n[] []= obs[[][]3[][]],[] []mean[] []= mle3[][]$[][]par[[][]1[][]],[] []
sd[] []= mle3[][]$[][]par[[][]2[][]]))[][] 
 []


Overfull \hbox (1897.72478pt too wide) in paragraph at lines 590--590
[][]\OT1/cmtt/m/n/10 mle3_p[] []<-[] []ggplot[][]([][]data[][]=mle_dat3,[] []ae
s[][]([][]x[][]=x))[][]+[] []geom_histogram[][]([][]color[][]=[][]"black"[][],[
] []fill[] []=[] []"blue"[][],[] []alpha[] []=[] []0.5[][],[] []aes[][]([][]y[]
[]=..density..))[][]+[] []geom_hline[][]([][]yintercept[][]=[][]0[][])[][]+[] [
]geom_density[][]([][]alpha[][]=[][].2[][],[] []fill[][]=[][]"purple"[][])[] []
+[] []theme_bw[][]()[][]+[] []xlab[][]([][]"x"[][])[][]+[] []ylab[][]([][]"Dens
ity"[][])[][]+[] []ggtitle[][]([][]"Maximum Likelihood Estimator (n = 100)"[][]
)[] []+[] []geom_histogram[][]([][]aes[][]([][]x[] []= dat3[][]$[][]x,[] []y[][
]=..density..),[] []color[][]=[][]"black"[][],[] []fill[] []=[] []"green"[][],[
] []alpha[] []=[] []0.2[][])[] []+[] []geom_vline[][]([][]xintercept[] []=[] []
mean[][](dat3[][]$[][]x),[] []alpha[][]=[][]0.35[][],[] []color[][]=[][]"red"[]
[],[][]size[][]=[][]1[][])[][] 
 []

[10 <./figure/unnamed-chunk-27-2.pdf>]
<figure/unnamed-chunk-30-1.pdf, id=126, 505.89pt x 505.89pt>
File: figure/unnamed-chunk-30-1.pdf Graphic file (type pdf)
<use figure/unnamed-chunk-30-1.pdf>
Package pdftex.def Info: figure/unnamed-chunk-30-1.pdf  used on input line 597.

(pdftex.def)             Requested size: 422.75499pt x 422.76015pt.

Overfull \hbox (1073.48196pt too wide) in paragraph at lines 599--599
[][]\OT1/cmtt/m/n/10 dat3_h[] []<-[] []ggplot[][]([][]data[][]=dat3,[] []aes[][
]([][]x[][]=x))[][]+[] []geom_histogram[][]([][]color[][]=[][]"black"[][],[] []
fill[] []=[] []"lightblue"[][],[] []alpha[] []=[] []0.5[][],[] []binwidth[] []=
[] []0.2[][],[] []aes[][]([][]y[][]=..density..))[][]+[] []geom_hline[][]([][]y
intercept[][]=[][]0[][])[][]+[] []geom_density[][]([][]alpha[][]=[][].2[][],[] 
[]fill[][]=[][]"purple"[][])[] []+[] []theme_bw[][]()[][]+[] []xlab[][]([][]"x"
[][])[][]+[] []ylab[][]([][]"Density"[][])[][]+[] []ggtitle[][]([][]"Normal Dis
trubution (n = 100)"[][])[][] 
 []


Overfull \hbox (779.48453pt too wide) in paragraph at lines 602--602
[][]\OT1/cmtt/m/n/10 dat3_p[] []<-[] []ggplot[][]([][]data[][]=dat3,[] []aes[][
]([][]x[][]=n,[] []y[][]=x))[][]+[] []geom_line[][]()[][]+[] []geom_hline[][]([
][]yintercept[][]=[][]0[][])[][]+[] []geom_hline[][]([][]yintercept[] []=[] []m
ean[][](dat3[][]$[][]x),[] []alpha[][]=[][]0.35[][],[] []color[][]=[][]"red"[][
],[][]size[][]=[][]1[][])[] []+[] []theme_bw[][]()[][]+[] []xlab[][]([][]"n"[][
])[][]+[] []ylab[][]([][]"x"[][])[][]+[] []ggtitle[][]([][]"Normal Distrubution
 (n = 100)"[][])[][] 
 []

<figure/unnamed-chunk-30-2.pdf, id=127, 505.89pt x 505.89pt>
File: figure/unnamed-chunk-30-2.pdf Graphic file (type pdf)
<use figure/unnamed-chunk-30-2.pdf>
Package pdftex.def Info: figure/unnamed-chunk-30-2.pdf  used on input line 607.

(pdftex.def)             Requested size: 422.75499pt x 422.76015pt.
[11 <./figure/unnamed-chunk-30-1.pdf>]
Package color Info: Redefining color shadecolor on input line 614.
Package color Info: Redefining color shadecolor on input line 622.
Package color Info: Redefining color shadecolor on input line 633.

Overfull \hbox (1845.22523pt too wide) in paragraph at lines 636--636
[][]\OT1/cmtt/m/n/10 mom4_p[] []<-[] []ggplot[][]([][]data[][]=mom_dat4,[] []ae
s[][]([][]x[][]=x))[][]+[] []geom_histogram[][]([][]color[][]=[][]"black"[][],[
] []fill[] []=[] []"blue"[][],[] []alpha[] []=[] []0.5[][],[] []aes[][]([][]y[]
[]=..density..))[][]+[] []geom_hline[][]([][]yintercept[][]=[][]0[][])[][]+[] [
]geom_density[][]([][]alpha[][]=[][].2[][],[] []fill[][]=[][]"purple"[][])[] []
+[] []theme_bw[][]()[][]+[] []xlab[][]([][]"x"[][])[][]+[] []ylab[][]([][]"Dens
ity"[][])[][]+[] []ggtitle[][]([][]"Method of Moments (n = 1000)"[][])[] []+[] 
[]geom_histogram[][]([][]aes[][]([][]x[] []= dat4[][]$[][]x,[] []y[][]=..densit
y..),[] []color[][]=[][]"black"[][],[] []fill[] []=[] []"green"[][],[] []alpha[
] []=[] []0.2[][])[] []+[] []geom_vline[][]([][]xintercept[] []=[] []mean[][](d
at4[][]$[][]x),[] []alpha[][]=[][]0.35[][],[] []color[][]=[][]"red"[][],[][]siz
e[][]=[][]1[][])[][] 
 []


Overfull \hbox (12.99121pt too wide) in paragraph at lines 638--638
[][]\OT1/cmtt/m/n/10 mle_dat4[] []<-[] []data.frame[][]([][]x[] []=[] []rnorm[]
[]([][]n[] []= obs[[][]4[][]],[] []mean[] []= mle4[][]$[][]par[[][]1[][]],[] []
sd[] []= mle4[][]$[][]par[[][]2[][]]))[][] 
 []


Overfull \hbox (1902.97473pt too wide) in paragraph at lines 639--639
[][]\OT1/cmtt/m/n/10 mle4_p[] []<-[] []ggplot[][]([][]data[][]=mle_dat4,[] []ae
s[][]([][]x[][]=x))[][]+[] []geom_histogram[][]([][]color[][]=[][]"black"[][],[
] []fill[] []=[] []"blue"[][],[] []alpha[] []=[] []0.5[][],[] []aes[][]([][]y[]
[]=..density..))[][]+[] []geom_hline[][]([][]yintercept[][]=[][]0[][])[][]+[] [
]geom_density[][]([][]alpha[][]=[][].2[][],[] []fill[][]=[][]"purple"[][])[] []
+[] []theme_bw[][]()[][]+[] []xlab[][]([][]"x"[][])[][]+[] []ylab[][]([][]"Dens
ity"[][])[][]+[] []ggtitle[][]([][]"Maximum Likelihood Estimator (n = 1000)"[][
])[] []+[] []geom_vline[][]([][]xintercept[] []=[] []mean[][](dat4[][]$[][]x),[
] []alpha[][]=[][]0.35[][],[] []color[][]=[][]"red"[][],[][]size[][]=[][]1[][])
[] []+[] []geom_histogram[][]([][]aes[][]([][]x[] []= dat4[][]$[][]x,[] []y[][]
=..density..),[] []color[][]=[][]"black"[][],[] []fill[] []=[] []"green"[][],[]
 []alpha[] []=[] []0.2[][])[][] 
 []

[12 <./figure/unnamed-chunk-30-2.pdf>]
<figure/unnamed-chunk-33-1.pdf, id=158, 505.89pt x 505.89pt>
File: figure/unnamed-chunk-33-1.pdf Graphic file (type pdf)
<use figure/unnamed-chunk-33-1.pdf>
Package pdftex.def Info: figure/unnamed-chunk-33-1.pdf  used on input line 646.

(pdftex.def)             Requested size: 422.75499pt x 422.76015pt.

Overfull \hbox (1372.72935pt too wide) in paragraph at lines 648--648
[][]\OT1/cmtt/m/n/10 dat4_h[] []<-[] []ggplot[][]([][]data[][]=dat4,[] []aes[][
]([][]x[][]=x))[][]+[] []geom_histogram[][]([][]color[][]=[][]"black"[][],[] []
fill[] []=[] []"lightblue"[][],[] []alpha[] []=[] []0.5[][],[] []aes[][]([][]y[
][]=..density..))[][]+[] []geom_hline[][]([][]yintercept[][]=[][]0[][])[][]+[] 
[]geom_density[][]([][]alpha[][]=[][].2[][],[] []fill[][]=[][]"purple"[][])[] [
]+[] []theme_bw[][]()[][]+[] []xlab[][]([][]"x"[][])[][]+[] []ylab[][]([][]"Den
sity"[][])[][]+[] []ggtitle[][]([][]"Normal Distrubution (n = 1000)"[][])[] []+
[] []geom_vline[][]([][]xintercept[] []=[] []mean[][](dat4[][]$[][]x),[] []alph
a[][]=[][]0.35[][],[] []color[][]=[][]"red"[][],[][]size[][]=[][]1[][])[][] 
 []


Overfull \hbox (784.73448pt too wide) in paragraph at lines 651--651
[][]\OT1/cmtt/m/n/10 dat4_p[] []<-[] []ggplot[][]([][]data[][]=dat4,[] []aes[][
]([][]x[][]=n,[] []y[][]=x))[][]+[] []geom_line[][]()[][]+[] []geom_hline[][]([
][]yintercept[][]=[][]0[][])[][]+[] []geom_hline[][]([][]yintercept[] []=[] []m
ean[][](dat3[][]$[][]x),[] []alpha[][]=[][]0.35[][],[] []color[][]=[][]"red"[][
],[][]size[][]=[][]1[][])[] []+[] []theme_bw[][]()[][]+[] []xlab[][]([][]"n"[][
])[][]+[] []ylab[][]([][]"x"[][])[][]+[] []ggtitle[][]([][]"Normal Distrubution
 (n = 1000)"[][])[][] 
 []

<figure/unnamed-chunk-33-2.pdf, id=159, 505.89pt x 505.89pt>
File: figure/unnamed-chunk-33-2.pdf Graphic file (type pdf)
<use figure/unnamed-chunk-33-2.pdf>
Package pdftex.def Info: figure/unnamed-chunk-33-2.pdf  used on input line 658.

(pdftex.def)             Requested size: 422.75499pt x 422.76015pt.
[13 <./figure/unnamed-chunk-33-1.pdf>] [14 <./figure/unnamed-chunk-33-2.pdf>]
[15] (./HW2.bbl) [16] (./HW2.aux)
Package rerunfilecheck Info: File `HW2.out' has not changed.
(rerunfilecheck)             Checksum: D41D8CD98F00B204E9800998ECF8427E;0.
 ) 
Here is how much of TeX's memory you used:
 9392 strings out of 480559
 141030 string characters out of 5901862
 461256 words of memory out of 5000000
 26822 multiletter control sequences out of 15000+600000
 407343 words of font info for 43 fonts, out of 8000000 for 9000
 14 hyphenation exceptions out of 8191
 60i,10n,66p,1353b,554s stack positions out of 5000i,500n,10000p,200000b,80000s
</Users/fairuzishraque/Library/TinyTeX/texmf-dist/fonts/type1/public/amsfonts
/cm/cmbx10.pfb></Users/fairuzishraque/Library/TinyTeX/texmf-dist/fonts/type1/pu
blic/amsfonts/cm/cmbx12.pfb></Users/fairuzishraque/Library/TinyTeX/texmf-dist/f
onts/type1/public/amsfonts/cm/cmitt10.pfb></Users/fairuzishraque/Library/TinyTe
X/texmf-dist/fonts/type1/public/amsfonts/cm/cmmi10.pfb></Users/fairuzishraque/L
ibrary/TinyTeX/texmf-dist/fonts/type1/public/amsfonts/cm/cmr10.pfb></Users/fair
uzishraque/Library/TinyTeX/texmf-dist/fonts/type1/public/amsfonts/cm/cmr7.pfb><
/Users/fairuzishraque/Library/TinyTeX/texmf-dist/fonts/type1/public/amsfonts/cm
/cmsy10.pfb></Users/fairuzishraque/Library/TinyTeX/texmf-dist/fonts/type1/publi
c/amsfonts/cm/cmti10.pfb></Users/fairuzishraque/Library/TinyTeX/texmf-dist/font
s/type1/public/amsfonts/cm/cmtt10.pfb>
Output written on HW2.pdf (16 pages, 259417 bytes).
PDF statistics:
 271 PDF objects out of 1000 (max. 8388607)
 216 compressed objects within 3 object streams
 57 named destinations out of 1000 (max. 500000)
 41 words of extra memory for PDF output out of 10000 (max. 10000000)

